<?xml version="1.0" encoding="UTF-8"?>
<!-- Generated by org.testng.reporters.JUnitReportReporter -->
<testsuite name="com.sample.test.testng.TestBookingNG" tests="1" time="8.410" ignored="0" failures="0" timestamp="29 abr 2019 20:42:01 GMT" skipped="0" hostname="jorgeatuesta.local" errors="0">
  <testcase name="test1" time="8.410" classname="com.sample.test.testng.TestBookingNG"/>
</testsuite> <!-- com.sample.test.testng.TestBookingNG -->
