<?xml version="1.0" encoding="UTF-8"?>
<!-- Generated by org.testng.reporters.JUnitReportReporter -->

<testsuite name="com.sample.test.testng.TestHeroesAppNG" tests="3" time="10.881" ignored="0" failures="0" timestamp="30 abr 2019 15:08:18 GMT" skipped="0" hostname="jorgeatuesta.local" errors="0">
  <testcase name="testFromFile" time="3.682" classname="com.sample.test.testng.TestHeroesAppNG"/>
  <testcase name="testFromFile" time="4.071" classname="com.sample.test.testng.TestHeroesAppNG"/>
  <testcase name="testFromFile" time="3.128" classname="com.sample.test.testng.TestHeroesAppNG"/>

</testsuite> <!-- com.sample.test.testng.TestHeroesAppNG -->
