<?xml version="1.0" encoding="UTF-8"?>
<!-- Generated by org.testng.reporters.JUnitReportReporter -->
<testsuite name="com.sample.test.testng.TestHeroesAppNG" tests="2" time="7.799" ignored="0" failures="0" timestamp="30 abr 2019 15:03:14 GMT" skipped="0" hostname="jorgeatuesta.local" errors="0">
  <testcase name="testFromExcel" time="4.009" classname="com.sample.test.testng.TestHeroesAppNG"/>
  <testcase name="testFromExcel" time="3.790" classname="com.sample.test.testng.TestHeroesAppNG"/>
</testsuite> <!-- com.sample.test.testng.TestHeroesAppNG -->
