<?xml version="1.0" encoding="UTF-8"?>
<!-- Generated by org.testng.reporters.JUnitReportReporter -->
<testsuite name="com.sample.test.testng.TestHeroesAppNG" tests="2" time="33.351" ignored="0" failures="0" timestamp="30 abr 2019 03:27:18 GMT" skipped="0" hostname="LAPTOP-QPGO4P4M" errors="0">
  <testcase name="testSampleSearchFromService" time="18.356" classname="com.sample.test.testng.TestHeroesAppNG"/>
  <testcase name="testSampleSearchFromService" time="14.995" classname="com.sample.test.testng.TestHeroesAppNG"/>
</testsuite> <!-- com.sample.test.testng.TestHeroesAppNG -->
