<?xml version="1.0" encoding="UTF-8"?>
<!-- Generated by org.testng.reporters.JUnitReportReporter -->
<testsuite name="com.sample.test.testng.TestHeroesAppNG" tests="4" time="9.268" ignored="0" failures="0" timestamp="29 abr 2019 21:51:26 GMT" skipped="0" hostname="jorgeatuesta.local" errors="0">
  <testcase name="testFromSameClass" time="2.182" classname="com.sample.test.testng.TestHeroesAppNG"/>
  <testcase name="testFromAnotherClass" time="2.769" classname="com.sample.test.testng.TestHeroesAppNG"/>
  <testcase name="testFromSameClass" time="2.168" classname="com.sample.test.testng.TestHeroesAppNG"/>
  <testcase name="testFromAnotherClass" time="2.149" classname="com.sample.test.testng.TestHeroesAppNG"/>
</testsuite> <!-- com.sample.test.testng.TestHeroesAppNG -->
