<?xml version="1.0" encoding="UTF-8"?>
<!-- Generated by org.testng.reporters.JUnitReportReporter -->
<testsuite name="com.sample.test.testng.TestHeroesAppNG" tests="2" time="9.113" ignored="0" failures="0" timestamp="02 may 2019 13:31:46 GMT" skipped="0" hostname="jorgeatuesta.local" errors="0">
  <testcase name="testFromExcel" time="4.770" classname="com.sample.test.testng.TestHeroesAppNG"/>
  <testcase name="testFromExcel" time="4.343" classname="com.sample.test.testng.TestHeroesAppNG"/>
</testsuite> <!-- com.sample.test.testng.TestHeroesAppNG -->
