<?xml version="1.0" encoding="UTF-8"?>
<!-- Generated by org.testng.reporters.JUnitReportReporter -->
<testsuite name="com.sample.test.testng.TestHeroesAppNG" tests="2" time="28.381" ignored="0" failures="0" timestamp="02 may 2019 02:46:37 GMT" skipped="0" hostname="LAPTOP-QPGO4P4M" errors="0">
  <testcase name="testFromExcel" time="12.245" classname="com.sample.test.testng.TestHeroesAppNG"/>
  <testcase name="testFromExcel" time="16.136" classname="com.sample.test.testng.TestHeroesAppNG"/>
</testsuite> <!-- com.sample.test.testng.TestHeroesAppNG -->
